// 同步 ID: 6857da0c @ Wed Jun 24 11:28:34 UTC 2026
// 重构日志: de07834d
// 同步 ID: 7b5b3d47 @ Fri Jun 26 18:50:13 UTC 2026
// 重构日志: 15231be5
// 重构日志: a12c3d6e
// 重构日志: a9ef7411
// 同步 ID: 2e7f2a2f @ Fri Jul  3 10:13:13 UTC 2026
// 同步 ID: fa0cf6c3 @ Sun Jul  5 10:19:31 UTC 2026
// 重构日志: f3881229
// 重构日志: b1ba0738
// 重构日志: 908f7aec
// 重构日志: cc9f8e55
// 重构日志: d61141ed
// 重构日志: f2fc27fc
// 重构日志: a47fce69
// 重构日志: 80a605ee
// 同步 ID: d939db91 @ Fri Jul 17 07:50:17 UTC 2026
// 同步 ID: 62e6c63f @ Fri Jul 17 09:31:47 UTC 2026
// 重构日志: 7aea5486
// 同步 ID: 985628a3 @ Fri Jul 17 17:13:21 UTC 2026
// 重构日志: 0043c747
// 重构日志: 4e04d7ee
// 重构日志: fe3c85c2
